-------------------------------------------------------------------------------
Test set: com.itheima.TliasWebManagementApplicationTests
-------------------------------------------------------------------------------
Tests run: 3, Failures: 0, Errors: 1, Skipped: 0, Time elapsed: 1.148 s <<< FAILURE! - in com.itheima.TliasWebManagementApplicationTests
testParseJwt  Time elapsed: 0.084 s  <<< ERROR!
io.jsonwebtoken.ExpiredJwtException: JWT expired at 2022-12-08T09:55:47Z. Current time: 2024-09-02T20:11:52Z, a difference of 54814565220 milliseconds.  Allowed clock skew: 0 milliseconds.
	at com.itheima.TliasWebManagementApplicationTests.testParseJwt(TliasWebManagementApplicationTests.java:51)

